2024-04-17 15:19:42 Info: 2024-04-17T15:19:42.280Z: [http://localhost:4711/]
{}
2024-04-17 15:20:27 Info: [http://localhost:4711/]
{}
2024-04-17 15:21:03 Info: [http://localhost:4711/AT_AKBILD_GG-542_FR034/1937_Detail-001]
{}
2024-04-17 15:21:18 Info: [http://localhost:4711/metadataForm.html]
{}
2024-04-17 15:21:56 Info: [http://localhost:4711/metadataForm.html]
{}
2024-04-17 15:22:04 Info: [http://localhost:4711/metadataForm.html]
{}
2024-04-17 15:22:18 Info: [http://localhost:4711/metadataForm.html?artefact=G_DE_ALBD_Georg-421-11&image=Overall-001]
{}
2024-04-17 15:22:27 Info: [http://localhost:4711/metadataForm.html?artefact=G_DE_ALBD_Georg-421-11&image=Overall-001]
{}
2024-04-17 15:22:42 Info: [http://localhost:4711/metadataForm.html?artefact=G_DE_ALBD_Georg-421-11&image=Overall-001]
{}
2024-04-17 15:24:14 Info: [http://localhost:4711/metadataForm.html?artefact=G_DE_ALBD_Georg-421-11&image=Overall-001] Handler: getMetadataHandler
2024-04-17 15:24:14 Info: [http://localhost:4711/metadataForm.html?artefact=G_DE_ALBD_Georg-421-11&image=Overall-001]
{}
2024-04-17 15:24:36 Info: [http://localhost:4711/metadataForm.html?artefact=G_DE_ALBD_Georg-421-11&image=Overall-001]
{}
2024-04-17 15:24:57 Info: [http://localhost:4711/metadataForm.html?artefact=G_DE_ALBD_Georg-421-11&image=Overall-001] Handler: getMetadataHandler
2024-04-17 15:24:58 Info: [http://localhost:4711/metadataForm.html?artefact=G_DE_ALBD_Georg-421-11&image=Overall-001]
{}
2024-04-17 15:25:26 Info: [http://localhost:4711/metadataForm.html?artefact=G_DE_ALBD_Georg-421-11&image=Overall-001]
{}
2024-04-17 15:25:31 Info: [http://localhost:4711/metadataForm.html?artefact=G_DE_ALBD_Georg-421-11&image=Overall-001] Handler: getMetadataHandler
2024-04-17 15:26:30 Info: [http://localhost:4711/metadataForm.html?artefact=G_DE_ALBD_Georg-421-11&image=Overall-001]
{}
2024-04-17 15:26:34 Info: [http://localhost:4711/metadataForm.html?artefact=G_DE_ALBD_Georg-421-11&image=Overall-001] Handler: getMetadataHandler
2024-04-17 15:27:43 Info: [http://localhost:4711/metadataForm.html?artefact=G_DE_ALBD_Georg-421-11&image=Overall-001]
{}
2024-04-17 15:27:43 Info: [http://localhost:4711/metadataForm.html?artefact=G_DE_ALBD_Georg-421-11&image=Overall-001] Handler: getEditorUIHandler
2024-04-17 15:27:43 Info: [http://localhost:4711/metadataForm.css]
{}
2024-04-17 15:27:43 Info: [http://localhost:4711/metadataForm.css] Handler: getFileHandler
2024-04-17 15:27:43 Info: [http://localhost:4711/injectedData.js?artefact=G_DE_ALBD_Georg-421-11&image=Overall-001]
{}
2024-04-17 15:27:43 Info: [http://localhost:4711/injectedData.js?artefact=G_DE_ALBD_Georg-421-11&image=Overall-001] Handler: getInjectionHandler
2024-04-17 15:27:43 Info: [http://localhost:4711/metadataForm.js]
{}
2024-04-17 15:27:43 Info: [http://localhost:4711/metadataForm.js] Handler: getFileHandler
2024-04-17 15:44:29 Info: [http://localhost:4711/metadataForm.html?artefact=G_DE_ALBD_Georg-421-11&image=Overall-001]
{}
2024-04-17 15:44:29 Info: [http://localhost:4711/metadataForm.html?artefact=G_DE_ALBD_Georg-421-11&image=Overall-001] Handler: getEditorUIHandler
2024-04-17 15:44:29 Info: [http://localhost:4711/metadataForm.css]
{}
2024-04-17 15:44:29 Info: [http://localhost:4711/metadataForm.css] Handler: getFileHandler
2024-04-17 15:44:29 Info: [http://localhost:4711/metadataForm.js]
{}
2024-04-17 15:44:29 Info: [http://localhost:4711/metadataForm.js] Handler: getFileHandler
2024-04-17 15:44:30 Info: [http://localhost:4711/injectedData.js?artefact=G_DE_ALBD_Georg-421-11&image=Overall-001]
{}
2024-04-17 15:44:30 Info: [http://localhost:4711/injectedData.js?artefact=G_DE_ALBD_Georg-421-11&image=Overall-001] Handler: getInjectionHandler
2024-04-17 15:44:40 Info: [http://localhost:4711/metadataForm.html?artefact=G_DE_ALBD_Georg-421-11&image=Overall-001]
{}
2024-04-17 15:44:40 Info: [http://localhost:4711/metadataForm.html?artefact=G_DE_ALBD_Georg-421-11&image=Overall-001] Handler: getEditorUIHandler
2024-04-17 15:44:40 Info: [http://localhost:4711/metadataForm.js]
{}
2024-04-17 15:44:40 Info: [http://localhost:4711/metadataForm.js] Handler: getFileHandler
2024-04-17 15:44:40 Info: [http://localhost:4711/metadataForm.css]
{}
2024-04-17 15:44:40 Info: [http://localhost:4711/metadataForm.css] Handler: getFileHandler
2024-04-17 15:44:40 Info: [http://localhost:4711/injectedData.js?artefact=G_DE_ALBD_Georg-421-11&image=Overall-001]
{}
2024-04-17 15:44:40 Info: [http://localhost:4711/injectedData.js?artefact=G_DE_ALBD_Georg-421-11&image=Overall-001] Handler: getInjectionHandler
2024-04-17 15:48:14 Info: [http://localhost:4711/metadataForm.css]
{}
2024-04-17 15:48:14 Info: [http://localhost:4711/metadataForm.css] Handler: getFileHandler
2024-04-17 15:48:19 Info: [http://localhost:4711/metadataForm.html?artefact=G_DE_ALBD_Georg-421-11&image=Overall-001]
{}
2024-04-17 15:48:19 Info: [http://localhost:4711/metadataForm.html?artefact=G_DE_ALBD_Georg-421-11&image=Overall-001] Handler: getEditorUIHandler
2024-04-17 15:48:44 Info: [http://localhost:4711/metadataForm.html?artefact=G_DE_ALBD_Georg-421-11&image=Overall-001]
{}
2024-04-17 15:48:44 Info: [http://localhost:4711/metadataForm.html?artefact=G_DE_ALBD_Georg-421-11&image=Overall-001] Handler: getEditorUIHandler
2024-04-17 15:48:44 Info: [http://localhost:4711/metadataForm.css]
{}
2024-04-17 15:48:44 Info: [http://localhost:4711/metadataForm.css] Handler: getFileHandler
2024-04-17 15:48:44 Info: [http://localhost:4711/metadataForm.js]
{}
2024-04-17 15:48:44 Info: [http://localhost:4711/metadataForm.js] Handler: getFileHandler
2024-04-17 15:48:44 Info: [http://localhost:4711/injectedData.js?artefact=G_DE_ALBD_Georg-421-11&image=Overall-001]
{}
2024-04-17 15:48:44 Info: [http://localhost:4711/injectedData.js?artefact=G_DE_ALBD_Georg-421-11&image=Overall-001] Handler: getInjectionHandler
2024-04-17 15:48:57 Info: [http://localhost:4711/injectedData.js?artefact=G_DE_ALBD_Georg-421-11&image=Overall-001]
{}
2024-04-17 15:48:57 Info: [http://localhost:4711/injectedData.js?artefact=G_DE_ALBD_Georg-421-11&image=Overall-001] Handler: getInjectionHandler
2024-04-17 15:49:01 Info: [http://localhost:4711/G_DE_ALBD_Georg-421-11/Overall-001]
{}
2024-04-17 15:49:01 Info: [http://localhost:4711/G_DE_ALBD_Georg-421-11/Overall-001] Handler: updateMetadataHandler
2024-04-17 15:49:04 Info: [http://localhost:4711/metadataForm.html?artefact=G_DE_ALBD_Georg-421-11&image=Overall-001]
{}
2024-04-17 15:49:04 Info: [http://localhost:4711/metadataForm.html?artefact=G_DE_ALBD_Georg-421-11&image=Overall-001] Handler: getEditorUIHandler
2024-04-17 15:49:04 Info: [http://localhost:4711/metadataForm.css]
{}
2024-04-17 15:49:04 Info: [http://localhost:4711/metadataForm.css] Handler: getFileHandler
2024-04-17 15:49:04 Info: [http://localhost:4711/metadataForm.js]
{}
2024-04-17 15:49:04 Info: [http://localhost:4711/metadataForm.js] Handler: getFileHandler
2024-04-17 15:49:04 Info: [http://localhost:4711/injectedData.js?artefact=G_DE_ALBD_Georg-421-11&image=Overall-001]
{}
2024-04-17 15:49:04 Info: [http://localhost:4711/injectedData.js?artefact=G_DE_ALBD_Georg-421-11&image=Overall-001] Handler: getInjectionHandler
2024-04-17 15:49:04 Info: [http://localhost:4711/favicon.ico]
{}
2024-04-17 15:50:09 Info: [http://localhost:4711/G_DE_ALBD_Georg-421-11/Overall-001]
 New connection!
2024-04-17 15:50:09 Info: [http://localhost:4711/G_DE_ALBD_Georg-421-11/Overall-001] Handler: updateMetadataHandler
2024-04-17 15:50:17 Info: [http://localhost:4711/metadataForm.html?artefact=G_DE_ALBD_Georg-421-11&image=Overall-001]
 New connection!
2024-04-17 15:50:17 Info: [http://localhost:4711/metadataForm.html?artefact=G_DE_ALBD_Georg-421-11&image=Overall-001] Handler: getEditorUIHandler
2024-04-17 15:50:18 Info: [http://localhost:4711/metadataForm.css]
 New connection!
2024-04-17 15:50:18 Info: [http://localhost:4711/metadataForm.css] Handler: getFileHandler
2024-04-17 15:50:18 Info: [http://localhost:4711/metadataForm.js]
 New connection!
2024-04-17 15:50:18 Info: [http://localhost:4711/metadataForm.js] Handler: getFileHandler
2024-04-17 15:50:18 Info: [http://localhost:4711/injectedData.js?artefact=G_DE_ALBD_Georg-421-11&image=Overall-001]
 New connection!
2024-04-17 15:50:18 Info: [http://localhost:4711/injectedData.js?artefact=G_DE_ALBD_Georg-421-11&image=Overall-001] Handler: getInjectionHandler
2024-04-17 15:50:18 Info: [http://localhost:4711/favicon.ico]
 New connection!
